<?xml version="1.0" encoding="UTF-8"?><testrun name="RunnerApplicationUPTest" project="Radical_cucumberB24" tests="3" started="3" failures="3" errors="0" ignored="0">
  <testsuite name="com.ApplicationUP.RunnerApplicationUPTest" time="2.797">
    <testsuite name="Validate demoQA application data" time="2.797">
      <testcase name="1.Validate demoQA up and running" classname="Validate demoQA application data" time="1.926">
        <failure>
          <expected>200</expected>
          <actual>io.restassured.internal.RestAssuredResponseImpl@10a18e3e</actual>
          org.junit.ComparisonFailure: expected:&lt;[200]&gt; but was:&lt;[io.restassured.internal.RestAssuredResponseImpl@10a18e3e]&gt;&#13;
	at org.junit.Assert.assertEquals(Assert.java:117)&#13;
	at org.junit.Assert.assertEquals(Assert.java:146)&#13;
	at com.ApplicationUP.ApplicationUPStepDef.validate_the_response_of_the_application(ApplicationUPStepDef.java:31)&#13;
	at ✽.validate the response "200" of the application(file:///C:/Users/radhi/OneDrive/Desktop/MINE/rad/Software%20Testing%20course/New%20folder/Radical_cucumberB24/src/test/resources/com/ApplicationUP/ValidateAplicationUP.feature:10)&#13;
&#13;

        </failure>
      </testcase>
      <testcase name="2.Validate demoQA up and running" classname="Validate demoQA application data" time="0.452">
        <failure>
          <expected>201</expected>
          <actual>io.restassured.internal.RestAssuredResponseImpl@65c17e38</actual>
          org.junit.ComparisonFailure: expected:&lt;[201]&gt; but was:&lt;[io.restassured.internal.RestAssuredResponseImpl@65c17e38]&gt;&#13;
	at org.junit.Assert.assertEquals(Assert.java:117)&#13;
	at org.junit.Assert.assertEquals(Assert.java:146)&#13;
	at com.ApplicationUP.ApplicationUPStepDef.validate_the_response_of_the_application(ApplicationUPStepDef.java:31)&#13;
	at ✽.validate the response "201" of the application(file:///C:/Users/radhi/OneDrive/Desktop/MINE/rad/Software%20Testing%20course/New%20folder/Radical_cucumberB24/src/test/resources/com/ApplicationUP/ValidateAplicationUP.feature:15)&#13;
&#13;

        </failure>
      </testcase>
      <testcase name="3.Validate demoQA up and running" classname="Validate demoQA application data" time="0.419">
        <failure>
          <expected>202</expected>
          <actual>io.restassured.internal.RestAssuredResponseImpl@613f7eb7</actual>
          org.junit.ComparisonFailure: expected:&lt;[202]&gt; but was:&lt;[io.restassured.internal.RestAssuredResponseImpl@613f7eb7]&gt;&#13;
	at org.junit.Assert.assertEquals(Assert.java:117)&#13;
	at org.junit.Assert.assertEquals(Assert.java:146)&#13;
	at com.ApplicationUP.ApplicationUPStepDef.validate_the_response_of_the_application(ApplicationUPStepDef.java:31)&#13;
	at ✽.validate the response "202" of the application(file:///C:/Users/radhi/OneDrive/Desktop/MINE/rad/Software%20Testing%20course/New%20folder/Radical_cucumberB24/src/test/resources/com/ApplicationUP/ValidateAplicationUP.feature:20)&#13;
&#13;

        </failure>
      </testcase>
    </testsuite>
  </testsuite>
</testrun>
