<?xml version="1.0" encoding="UTF-8"?><testrun name="RunnerApplicationUPTest" project="Radical_cucumberB24" tests="3" started="3" failures="2" errors="0" ignored="0">
  <testsuite name="com.ApplicationUP.RunnerApplicationUPTest" time="2.826">
    <testsuite name="Validate demoQA application data" time="2.826">
      <testcase name="1.Validate demoQA up and running" classname="Validate demoQA application data" time="1.881"/>
      <testcase name="2.Validate demoQA up and running" classname="Validate demoQA application data" time="0.507">
        <failure>
          <expected>201</expected>
          <actual>200</actual>
          org.junit.ComparisonFailure: expected:&lt;20[1]&gt; but was:&lt;20[0]&gt;&#13;
	at org.junit.Assert.assertEquals(Assert.java:117)&#13;
	at org.junit.Assert.assertEquals(Assert.java:146)&#13;
	at com.ApplicationUP.ApplicationUPStepDef.validate_the_response_of_the_application(ApplicationUPStepDef.java:31)&#13;
	at ✽.validate the response "201" of the application(file:///C:/Users/radhi/OneDrive/Desktop/MINE/rad/Software%20Testing%20course/New%20folder/Radical_cucumberB24/src/test/resources/com/ApplicationUP/ValidateAplicationUP.feature:15)&#13;
&#13;

        </failure>
      </testcase>
      <testcase name="3.Validate demoQA up and running" classname="Validate demoQA application data" time="0.437">
        <failure>
          <expected>202</expected>
          <actual>200</actual>
          org.junit.ComparisonFailure: expected:&lt;20[2]&gt; but was:&lt;20[0]&gt;&#13;
	at org.junit.Assert.assertEquals(Assert.java:117)&#13;
	at org.junit.Assert.assertEquals(Assert.java:146)&#13;
	at com.ApplicationUP.ApplicationUPStepDef.validate_the_response_of_the_application(ApplicationUPStepDef.java:31)&#13;
	at ✽.validate the response "202" of the application(file:///C:/Users/radhi/OneDrive/Desktop/MINE/rad/Software%20Testing%20course/New%20folder/Radical_cucumberB24/src/test/resources/com/ApplicationUP/ValidateAplicationUP.feature:20)&#13;
&#13;

        </failure>
      </testcase>
    </testsuite>
  </testsuite>
</testrun>
