<?xml version="1.0" encoding="UTF-8"?>
<!-- Generated by org.testng.reporters.JUnitXMLReporter -->
<testsuite ignored="0" hostname="Radhika" failures="1" tests="13" name="Module1" time="121.845" errors="0" timestamp="2023-07-07T20:46:19 IST">
  <testcase classname="advanced.MyTableGridAuto" name="testAlert" time="19.274"/>
  <testcase classname="advanced.MyShifttabDemo" name="Test" time="2.429"/>
  <testcase classname="basic.MyDragandDrop" name="Test" time="3.14"/>
  <testcase classname="basic.MyFileAttachment" name="TestCase2" time="3.853"/>
  <testcase classname="basic.MyFileDownloadChrome" name="myDownload" time="20.432"/>
  <testcase classname="basic.SeliniumTest_Chrome" name="testCase1" time="2.74"/>
  <testcase classname="basic.SeliniumTest_Edge" name="testCase1" time="4.142"/>
  <testcase classname="basic.SeliniumTest_Firefox" name="testCase1" time="4.365"/>
  <testcase classname="exercise.AlertBoxTest" name="TestCase3" time="14.021"/>
  <testcase classname="exercise.SkillsTestCase" name="TestCase1" time="6.415"/>
  <testcase classname="exercise.SkillTest2" name="TestCase2" time="4.812"/>
  <testcase classname="Practice_Programs.B24TestForm" name="testcase1" time="30.689">
    <failure type="java.lang.AssertionError" message="  Middle name field is missing  Cycling is missing  expected [true] but found [false]">
      <![CDATA[java.lang.AssertionError:   Middle name field is missing  Cycling is missing  expected [true] but found [false]
at Practice_Programs.B24TestForm.testcase1(B24TestForm.java:233)
at java.base/java.util.ArrayList.forEach(ArrayList.java:1541)
... Removed 30 stack frames]]>
    </failure>
  </testcase> <!-- testcase1 -->
  <testcase classname="Practice_Programs.B24SkillTestCase" name="TestCase1" time="5.46"/>
</testsuite> <!-- Module1 -->
