<?xml version="1.0" encoding="UTF-8"?>
<!-- Generated by org.testng.reporters.JUnitXMLReporter -->
<testsuite ignored="0" hostname="Radhika" failures="1" tests="9" name="Regression 1" time="30.137" errors="0" timestamp="2023-07-07T15:42:17 IST">
  <testcase classname="TestNGB24.ParallelMethod" name="myTest2" time="10.015"/>
  <testcase classname="TestNGB24.ParallelMethod" name="myTest3" time="10.015"/>
  <testcase classname="TestNGB24.ParallelMethod" name="myTest1" time="10.014"/>
  <testcase classname="TestNGB24.ParallelMethod" name="myTest4" time="10.015"/>
  <testcase classname="TestNGB24.ParallelMethod" name="myTest5" time="10.012"/>
  <testcase classname="TestNGB24.ParallelClassA" name="myTest1" time="10.013">
    <failure type="java.lang.AssertionError">
      <![CDATA[java.lang.AssertionError: 
at TestNGB24.ParallelClassA.myTest1(ParallelClassA.java:14)
at java.base/java.util.concurrent.ThreadPoolExecutor.runWorker(ThreadPoolExecutor.java:1128)
at java.base/java.util.concurrent.ThreadPoolExecutor$Worker.run(ThreadPoolExecutor.java:628)
at java.base/java.lang.Thread.run(Thread.java:834)
... Removed 15 stack frames]]>
    </failure>
  </testcase> <!-- myTest1 -->
  <testcase classname="Practice_Programs.B24SkillTestCase" name="TestCase1" time="9.459"/>
  <testcase classname="TestNGB24.ParallelClassA" name="myTest2" time="10.017"/>
  <testcase classname="TestNGB24.ParallelClassA" name="myTest22" time="10.014"/>
</testsuite> <!-- Regression 1 -->
