<?xml version="1.0" encoding="UTF-8"?>
<testng-results ignored="0" total="1" passed="1" failed="0" skipped="0">
  <reporter-output>
  </reporter-output>
  <suite started-at="2023-07-13T10:51:35 IST" name="Default suite" finished-at="2023-07-13T10:51:41 IST" duration-ms="6146">
    <groups>
      <group name="exer">
        <method signature="SkillTest2.TestCase2()[pri:0, instance:exercise.SkillTest2@c430e6c]" name="TestCase2" class="exercise.SkillTest2"/>
      </group> <!-- exer -->
    </groups>
    <test started-at="2023-07-13T10:51:35 IST" name="Default test" finished-at="2023-07-13T10:51:41 IST" duration-ms="6146">
      <class name="exercise.SkillTest2">
        <test-method signature="TestCase2()[pri:0, instance:exercise.SkillTest2@c430e6c]" started-at="2023-07-13T10:51:35 IST" name="TestCase2" finished-at="2023-07-13T10:51:41 IST" duration-ms="6100" status="PASS">
          <reporter-output>
          </reporter-output>
        </test-method> <!-- TestCase2 -->
      </class> <!-- exercise.SkillTest2 -->
    </test> <!-- Default test -->
  </suite> <!-- Default suite -->
</testng-results>
