<?xml version="1.0" encoding="UTF-8"?>
<!-- Generated by org.testng.reporters.JUnitXMLReporter -->
<testsuite ignored="0" hostname="Radhika" failures="1" tests="10" name="TestforParallel" time="60.877" errors="0" timestamp="2023-07-02T11:49:51 IST">
  <testcase classname="TestNGB24.ParallelClassB" name="myTest1" time="10.02"/>
  <testcase classname="TestNGB24.ParallelClassA" name="myTest1" time="10.02">
    <failure type="java.lang.AssertionError">
      <![CDATA[java.lang.AssertionError: 
at TestNGB24.ParallelClassA.myTest1(ParallelClassA.java:14)
at java.base/java.util.concurrent.ThreadPoolExecutor.runWorker(ThreadPoolExecutor.java:1128)
at java.base/java.util.concurrent.ThreadPoolExecutor$Worker.run(ThreadPoolExecutor.java:628)
at java.base/java.lang.Thread.run(Thread.java:834)
... Removed 15 stack frames]]>
    </failure>
  </testcase> <!-- myTest1 -->
  <testcase classname="TestNGB24.ParallelClassA" name="myTest2" time="10.011"/>
  <testcase classname="TestNGB24.ParallelClassB" name="myTest2" time="10.012"/>
  <testcase classname="TestNGB24.ParallelClassA" name="myTest22" time="10.006"/>
  <testcase classname="TestNGB24.ParallelClassB" name="myTest3" time="10.006"/>
  <testcase classname="basic.MyScreenShot" name="Test" time="6.838"/>
  <testcase classname="TestNGB24.ParallelClassB" name="myTest4" time="10.012"/>
  <testcase classname="basic.MyDragandDrop" name="Test" time="5.263"/>
  <testcase classname="basic.MyFileDownloadChrome" name="myDownload" time="20.744"/>
</testsuite> <!-- TestforParallel -->
